<?xml version="1.0" encoding="UTF-8"?>
<testsuite xmlns:xsi="http://www.w3.org/2001/XMLSchema-instance" xsi:noNamespaceSchemaLocation="https://maven.apache.org/surefire/maven-surefire-plugin/xsd/surefire-test-report.xsd" name="fibServer.FibTests" time="0.616" tests="6" errors="0" skipped="0" failures="0">
  <properties>
[...]
</properties>
  <testcase name="tryToOverrideCache" classname="fibServer.FibTests" time="0.46"/>
  <testcase name="checkGeneralCases" classname="fibServer.FibTests" time="0"/>
  <testcase name="checkCachedCases" classname="fibServer.FibTests" time="0.101"/>
  <testcase name="checkDefaultCases{int}[1]" classname="fibServer.FibTests" time="0.022"/>
  <testcase name="checkDefaultCases{int}[2]" classname="fibServer.FibTests" time="0"/>
  <testcase name="validateMaximum" classname="fibServer.FibTests" time="0.002"/>
</testsuite>